<?xml version="1.0" encoding="UTF-8"?>
<!-- Generated by org.testng.reporters.JUnitReportReporter -->
<testsuite hostname="INBook_X1" failures="0" tests="1" name="tests.LandingPageTest" time="20.894" errors="0" timestamp="2023-08-13T10:58:13 IST" skipped="0">
  <testcase classname="tests.LandingPageTest" name="landpage" time="20.894"/>
  <system-out/>
</testsuite> <!-- tests.LandingPageTest -->
